0 info it worked if it ends with ok
1 verbose cli [ '/usr/bin/node', '/usr/bin/npm', 'install', 'canvas' ]
2 info using npm@3.6.0
3 info using node@v5.7.0
4 silly loadCurrentTree Starting
5 silly install loadCurrentTree
6 silly install readLocalPackageData
7 silly fetchPackageMetaData canvas@1.3.12
8 silly fetchNamedPackageData canvas
9 silly mapToRegistry name canvas
10 silly mapToRegistry using default registry
11 silly mapToRegistry registry https://registry.npmjs.org/
12 silly mapToRegistry uri https://registry.npmjs.org/canvas
13 verbose request uri https://registry.npmjs.org/canvas
14 verbose request no auth needed
15 info attempt registry request try #1 at 12:29:53 PM
16 verbose request id 1d9ba1368006b8c9
17 verbose etag "Z0BLVCVLNLMR7G3H6MQ4ZWBL"
18 http request GET https://registry.npmjs.org/canvas
19 http 304 https://registry.npmjs.org/canvas
20 verbose headers { date: 'Fri, 18 Mar 2016 19:29:54 GMT',
20 verbose headers   via: '1.1 varnish',
20 verbose headers   'cache-control': 'max-age=300',
20 verbose headers   etag: '"Z0BLVCVLNLMR7G3H6MQ4ZWBL"',
20 verbose headers   age: '0',
20 verbose headers   connection: 'keep-alive',
20 verbose headers   'x-served-by': 'cache-lax1421-LAX',
20 verbose headers   'x-cache': 'HIT',
20 verbose headers   'x-cache-hits': '1',
20 verbose headers   'x-timer': 'S1458329394.294731,VS0,VE175',
20 verbose headers   vary: 'Accept' }
21 silly get cb [ 304,
21 silly get   { date: 'Fri, 18 Mar 2016 19:29:54 GMT',
21 silly get     via: '1.1 varnish',
21 silly get     'cache-control': 'max-age=300',
21 silly get     etag: '"Z0BLVCVLNLMR7G3H6MQ4ZWBL"',
21 silly get     age: '0',
21 silly get     connection: 'keep-alive',
21 silly get     'x-served-by': 'cache-lax1421-LAX',
21 silly get     'x-cache': 'HIT',
21 silly get     'x-cache-hits': '1',
21 silly get     'x-timer': 'S1458329394.294731,VS0,VE175',
21 silly get     vary: 'Accept' } ]
22 verbose etag https://registry.npmjs.org/canvas from cache
23 verbose get saving canvas to /home/kyle/.npm/registry.npmjs.org/canvas/.cache.json
24 verbose correctMkdir /home/kyle/.npm correctMkdir not in flight; initializing
25 silly install normalizeTree
26 silly loadCurrentTree Finishing
27 silly loadIdealTree Starting
28 silly install loadIdealTree
29 silly cloneCurrentTree Starting
30 silly install cloneCurrentTreeToIdealTree
31 silly cloneCurrentTree Finishing
32 silly loadShrinkwrap Starting
33 silly install loadShrinkwrap
34 silly loadShrinkwrap Finishing
35 silly loadAllDepsIntoIdealTree Starting
36 silly install loadAllDepsIntoIdealTree
37 silly resolveWithNewModule canvas@1.3.12 checking installable status
38 silly cache add args [ 'canvas@1.3.12', null ]
39 verbose cache add spec canvas@1.3.12
40 silly cache add parsed spec Result {
40 silly cache add   raw: 'canvas@1.3.12',
40 silly cache add   scope: null,
40 silly cache add   name: 'canvas',
40 silly cache add   rawSpec: '1.3.12',
40 silly cache add   spec: '1.3.12',
40 silly cache add   type: 'version' }
41 silly addNamed canvas@1.3.12
42 verbose addNamed "1.3.12" is a plain semver version for canvas
43 silly mapToRegistry name canvas
44 silly mapToRegistry using default registry
45 silly mapToRegistry registry https://registry.npmjs.org/
46 silly mapToRegistry uri https://registry.npmjs.org/canvas
47 verbose addNameVersion registry:https://registry.npmjs.org/canvas not in flight; fetching
48 verbose get https://registry.npmjs.org/canvas not expired, no request
49 silly cache afterAdd canvas@1.3.12
50 verbose afterAdd /home/kyle/.npm/canvas/1.3.12/package/package.json not in flight; writing
51 verbose correctMkdir /home/kyle/.npm correctMkdir not in flight; initializing
52 verbose afterAdd /home/kyle/.npm/canvas/1.3.12/package/package.json written
53 silly fetchNamedPackageData nan
54 silly mapToRegistry name nan
55 silly mapToRegistry using default registry
56 silly mapToRegistry registry https://registry.npmjs.org/
57 silly mapToRegistry uri https://registry.npmjs.org/nan
58 verbose request uri https://registry.npmjs.org/nan
59 verbose request no auth needed
60 info attempt registry request try #1 at 12:29:54 PM
61 verbose etag "9GNMF0K57Y4H80QS1L4U9QND9"
62 http request GET https://registry.npmjs.org/nan
63 http 304 https://registry.npmjs.org/nan
64 verbose headers { date: 'Fri, 18 Mar 2016 19:29:54 GMT',
64 verbose headers   via: '1.1 varnish',
64 verbose headers   'cache-control': 'max-age=300',
64 verbose headers   etag: '"9GNMF0K57Y4H80QS1L4U9QND9"',
64 verbose headers   age: '245',
64 verbose headers   connection: 'keep-alive',
64 verbose headers   'x-served-by': 'cache-lax1433-LAX',
64 verbose headers   'x-cache': 'HIT',
64 verbose headers   'x-cache-hits': '18',
64 verbose headers   'x-timer': 'S1458329394.753674,VS0,VE0',
64 verbose headers   vary: 'Accept' }
65 silly get cb [ 304,
65 silly get   { date: 'Fri, 18 Mar 2016 19:29:54 GMT',
65 silly get     via: '1.1 varnish',
65 silly get     'cache-control': 'max-age=300',
65 silly get     etag: '"9GNMF0K57Y4H80QS1L4U9QND9"',
65 silly get     age: '245',
65 silly get     connection: 'keep-alive',
65 silly get     'x-served-by': 'cache-lax1433-LAX',
65 silly get     'x-cache': 'HIT',
65 silly get     'x-cache-hits': '18',
65 silly get     'x-timer': 'S1458329394.753674,VS0,VE0',
65 silly get     vary: 'Accept' } ]
66 verbose etag https://registry.npmjs.org/nan from cache
67 verbose get saving nan to /home/kyle/.npm/registry.npmjs.org/nan/.cache.json
68 verbose correctMkdir /home/kyle/.npm correctMkdir not in flight; initializing
69 silly resolveWithNewModule nan@2.2.0 checking installable status
70 silly cache add args [ 'nan@^2.1.0', null ]
71 verbose cache add spec nan@^2.1.0
72 silly cache add parsed spec Result {
72 silly cache add   raw: 'nan@^2.1.0',
72 silly cache add   scope: null,
72 silly cache add   name: 'nan',
72 silly cache add   rawSpec: '^2.1.0',
72 silly cache add   spec: '>=2.1.0 <3.0.0',
72 silly cache add   type: 'range' }
73 silly addNamed nan@>=2.1.0 <3.0.0
74 verbose addNamed ">=2.1.0 <3.0.0" is a valid semver range for nan
75 silly addNameRange { name: 'nan', range: '>=2.1.0 <3.0.0', hasData: false }
76 silly mapToRegistry name nan
77 silly mapToRegistry using default registry
78 silly mapToRegistry registry https://registry.npmjs.org/
79 silly mapToRegistry uri https://registry.npmjs.org/nan
80 verbose addNameRange registry:https://registry.npmjs.org/nan not in flight; fetching
81 verbose get https://registry.npmjs.org/nan not expired, no request
82 silly addNameRange number 2 { name: 'nan', range: '>=2.1.0 <3.0.0', hasData: true }
83 silly addNameRange versions [ 'nan',
83 silly addNameRange   [ '0.3.0-wip',
83 silly addNameRange     '0.3.0-wip2',
83 silly addNameRange     '0.3.0',
83 silly addNameRange     '0.3.1',
83 silly addNameRange     '0.3.2',
83 silly addNameRange     '0.4.0',
83 silly addNameRange     '0.4.1',
83 silly addNameRange     '0.4.2',
83 silly addNameRange     '0.4.3',
83 silly addNameRange     '0.4.4',
83 silly addNameRange     '0.5.0',
83 silly addNameRange     '0.5.1',
83 silly addNameRange     '0.5.2',
83 silly addNameRange     '0.6.0',
83 silly addNameRange     '0.7.0',
83 silly addNameRange     '0.7.1',
83 silly addNameRange     '0.8.0',
83 silly addNameRange     '1.0.0',
83 silly addNameRange     '1.1.0',
83 silly addNameRange     '1.1.1',
83 silly addNameRange     '1.1.2',
83 silly addNameRange     '1.2.0',
83 silly addNameRange     '1.3.0',
83 silly addNameRange     '1.4.0',
83 silly addNameRange     '1.4.1',
83 silly addNameRange     '1.5.0',
83 silly addNameRange     '1.4.2',
83 silly addNameRange     '1.4.3',
83 silly addNameRange     '1.5.1',
83 silly addNameRange     '1.5.2',
83 silly addNameRange     '1.6.0',
83 silly addNameRange     '1.5.3',
83 silly addNameRange     '1.6.1',
83 silly addNameRange     '1.6.2',
83 silly addNameRange     '1.7.0',
83 silly addNameRange     '1.8.0',
83 silly addNameRange     '1.8.1',
83 silly addNameRange     '1.8.2',
83 silly addNameRange     '1.8.3',
83 silly addNameRange     '1.8.4',
83 silly addNameRange     '1.9.0',
83 silly addNameRange     '2.0.0',
83 silly addNameRange     '2.0.1',
83 silly addNameRange     '2.0.2',
83 silly addNameRange     '2.0.3',
83 silly addNameRange     '2.0.4',
83 silly addNameRange     '2.0.5',
83 silly addNameRange     '2.0.6',
83 silly addNameRange     '2.0.7',
83 silly addNameRange     '2.0.8',
83 silly addNameRange     '2.0.9',
83 silly addNameRange     '2.1.0',
83 silly addNameRange     '2.2.0' ] ]
84 silly addNamed nan@2.2.0
85 verbose addNamed "2.2.0" is a plain semver version for nan
86 silly cache afterAdd nan@2.2.0
87 verbose afterAdd /home/kyle/.npm/nan/2.2.0/package/package.json not in flight; writing
88 verbose correctMkdir /home/kyle/.npm correctMkdir not in flight; initializing
89 verbose afterAdd /home/kyle/.npm/nan/2.2.0/package/package.json written
90 silly fetchNamedPackageData canvas
91 silly mapToRegistry name canvas
92 silly mapToRegistry using default registry
93 silly mapToRegistry registry https://registry.npmjs.org/
94 silly mapToRegistry uri https://registry.npmjs.org/canvas
95 silly resolveWithNewModule canvas@1.1.3 checking installable status
96 silly cache add args [ 'canvas@1.1.3', null ]
97 verbose cache add spec canvas@1.1.3
98 silly cache add parsed spec Result {
98 silly cache add   raw: 'canvas@1.1.3',
98 silly cache add   scope: null,
98 silly cache add   name: 'canvas',
98 silly cache add   rawSpec: '1.1.3',
98 silly cache add   spec: '1.1.3',
98 silly cache add   type: 'version' }
99 silly addNamed canvas@1.1.3
100 verbose addNamed "1.1.3" is a plain semver version for canvas
101 silly mapToRegistry name canvas
102 silly mapToRegistry using default registry
103 silly mapToRegistry registry https://registry.npmjs.org/
104 silly mapToRegistry uri https://registry.npmjs.org/canvas
105 verbose addNameVersion registry:https://registry.npmjs.org/canvas not in flight; fetching
106 verbose get https://registry.npmjs.org/canvas not expired, no request
107 silly cache afterAdd canvas@1.1.3
108 verbose afterAdd /home/kyle/.npm/canvas/1.1.3/package/package.json not in flight; writing
109 verbose correctMkdir /home/kyle/.npm correctMkdir not in flight; initializing
110 verbose afterAdd /home/kyle/.npm/canvas/1.1.3/package/package.json written
111 silly fetchNamedPackageData nan
112 silly mapToRegistry name nan
113 silly mapToRegistry using default registry
114 silly mapToRegistry registry https://registry.npmjs.org/
115 silly mapToRegistry uri https://registry.npmjs.org/nan
116 silly resolveWithNewModule nan@0.4.4 checking installable status
117 silly cache add args [ 'nan@~0.4.1', null ]
118 verbose cache add spec nan@~0.4.1
119 silly cache add parsed spec Result {
119 silly cache add   raw: 'nan@~0.4.1',
119 silly cache add   scope: null,
119 silly cache add   name: 'nan',
119 silly cache add   rawSpec: '~0.4.1',
119 silly cache add   spec: '>=0.4.1 <0.5.0',
119 silly cache add   type: 'range' }
120 silly addNamed nan@>=0.4.1 <0.5.0
121 verbose addNamed ">=0.4.1 <0.5.0" is a valid semver range for nan
122 silly addNameRange { name: 'nan', range: '>=0.4.1 <0.5.0', hasData: false }
123 silly mapToRegistry name nan
124 silly mapToRegistry using default registry
125 silly mapToRegistry registry https://registry.npmjs.org/
126 silly mapToRegistry uri https://registry.npmjs.org/nan
127 verbose addNameRange registry:https://registry.npmjs.org/nan not in flight; fetching
128 verbose get https://registry.npmjs.org/nan not expired, no request
129 silly addNameRange number 2 { name: 'nan', range: '>=0.4.1 <0.5.0', hasData: true }
130 silly addNameRange versions [ 'nan',
130 silly addNameRange   [ '0.3.0-wip',
130 silly addNameRange     '0.3.0-wip2',
130 silly addNameRange     '0.3.0',
130 silly addNameRange     '0.3.1',
130 silly addNameRange     '0.3.2',
130 silly addNameRange     '0.4.0',
130 silly addNameRange     '0.4.1',
130 silly addNameRange     '0.4.2',
130 silly addNameRange     '0.4.3',
130 silly addNameRange     '0.4.4',
130 silly addNameRange     '0.5.0',
130 silly addNameRange     '0.5.1',
130 silly addNameRange     '0.5.2',
130 silly addNameRange     '0.6.0',
130 silly addNameRange     '0.7.0',
130 silly addNameRange     '0.7.1',
130 silly addNameRange     '0.8.0',
130 silly addNameRange     '1.0.0',
130 silly addNameRange     '1.1.0',
130 silly addNameRange     '1.1.1',
130 silly addNameRange     '1.1.2',
130 silly addNameRange     '1.2.0',
130 silly addNameRange     '1.3.0',
130 silly addNameRange     '1.4.0',
130 silly addNameRange     '1.4.1',
130 silly addNameRange     '1.5.0',
130 silly addNameRange     '1.4.2',
130 silly addNameRange     '1.4.3',
130 silly addNameRange     '1.5.1',
130 silly addNameRange     '1.5.2',
130 silly addNameRange     '1.6.0',
130 silly addNameRange     '1.5.3',
130 silly addNameRange     '1.6.1',
130 silly addNameRange     '1.6.2',
130 silly addNameRange     '1.7.0',
130 silly addNameRange     '1.8.0',
130 silly addNameRange     '1.8.1',
130 silly addNameRange     '1.8.2',
130 silly addNameRange     '1.8.3',
130 silly addNameRange     '1.8.4',
130 silly addNameRange     '1.9.0',
130 silly addNameRange     '2.0.0',
130 silly addNameRange     '2.0.1',
130 silly addNameRange     '2.0.2',
130 silly addNameRange     '2.0.3',
130 silly addNameRange     '2.0.4',
130 silly addNameRange     '2.0.5',
130 silly addNameRange     '2.0.6',
130 silly addNameRange     '2.0.7',
130 silly addNameRange     '2.0.8',
130 silly addNameRange     '2.0.9',
130 silly addNameRange     '2.1.0',
130 silly addNameRange     '2.2.0' ] ]
131 silly addNamed nan@0.4.4
132 verbose addNamed "0.4.4" is a plain semver version for nan
133 silly cache afterAdd nan@0.4.4
134 verbose afterAdd /home/kyle/.npm/nan/0.4.4/package/package.json not in flight; writing
135 verbose correctMkdir /home/kyle/.npm correctMkdir not in flight; initializing
136 verbose afterAdd /home/kyle/.npm/nan/0.4.4/package/package.json written
137 silly loadAllDepsIntoIdealTree Finishing
138 silly idealTree:prePrune emulatorNode
138 silly idealTree:prePrune ├── canvas@1.3.12
138 silly idealTree:prePrune ├── debug@0.7.4
138 silly idealTree:prePrune ├─┬ gameboy@0.1.0
138 silly idealTree:prePrune │ ├── canvas@1.1.3
138 silly idealTree:prePrune │ ├── debug@0.7.4
138 silly idealTree:prePrune │ ├─┬ emitter@1.0.1
138 silly idealTree:prePrune │ │ └── indexof@0.0.1
138 silly idealTree:prePrune │ └── nan@0.4.4
138 silly idealTree:prePrune ├── iojs@1.0.0
138 silly idealTree:prePrune ├─┬ msgpack@1.0.2
138 silly idealTree:prePrune │ └── nan@2.2.0
138 silly idealTree:prePrune ├── nan@2.2.0
138 silly idealTree:prePrune ├── redis@0.10.1
138 silly idealTree:prePrune └─┬ socket.io-emitter@1.0.0
138 silly idealTree:prePrune   ├─┬ debug@2.2.0
138 silly idealTree:prePrune   │ └── ms@0.7.1
138 silly idealTree:prePrune   ├─┬ has-binary@0.1.7
138 silly idealTree:prePrune   │ └── isarray@0.0.1
138 silly idealTree:prePrune   ├─┬ msgpack-js@0.3.0
138 silly idealTree:prePrune   │ └─┬ bops@0.0.7
138 silly idealTree:prePrune   │   ├── base64-js@0.0.2
138 silly idealTree:prePrune   │   └── to-utf8@0.0.1
138 silly idealTree:prePrune   ├─┬ redis@2.4.2
138 silly idealTree:prePrune   │ ├── double-ended-queue@2.1.0-0
138 silly idealTree:prePrune   │ └── redis-commands@1.1.0
138 silly idealTree:prePrune   └─┬ socket.io-parser@2.2.6
138 silly idealTree:prePrune     ├── benchmark@1.0.0
138 silly idealTree:prePrune     ├── component-emitter@1.1.2
138 silly idealTree:prePrune     ├── isarray@0.0.1
138 silly idealTree:prePrune     └── json3@3.3.2
139 silly loadIdealTree Finishing
140 silly currentTree emulatorNode
140 silly currentTree ├── canvas@1.3.12
140 silly currentTree ├── debug@0.7.4
140 silly currentTree ├─┬ gameboy@0.1.0
140 silly currentTree │ ├── debug@0.7.4
140 silly currentTree │ └─┬ emitter@1.0.1
140 silly currentTree │   └── indexof@0.0.1
140 silly currentTree ├── iojs@1.0.0
140 silly currentTree ├─┬ msgpack@1.0.2
140 silly currentTree │ └── nan@2.2.0
140 silly currentTree ├── nan@2.2.0
140 silly currentTree ├── redis@0.10.1
140 silly currentTree └─┬ socket.io-emitter@1.0.0
140 silly currentTree   ├─┬ debug@2.2.0
140 silly currentTree   │ └── ms@0.7.1
140 silly currentTree   ├─┬ has-binary@0.1.7
140 silly currentTree   │ └── isarray@0.0.1
140 silly currentTree   ├─┬ msgpack-js@0.3.0
140 silly currentTree   │ └─┬ bops@0.0.7
140 silly currentTree   │   ├── base64-js@0.0.2
140 silly currentTree   │   └── to-utf8@0.0.1
140 silly currentTree   ├─┬ redis@2.4.2
140 silly currentTree   │ ├── double-ended-queue@2.1.0-0
140 silly currentTree   │ └── redis-commands@1.1.0
140 silly currentTree   └─┬ socket.io-parser@2.2.6
140 silly currentTree     ├── benchmark@1.0.0
140 silly currentTree     ├── component-emitter@1.1.2
140 silly currentTree     ├── isarray@0.0.1
140 silly currentTree     └── json3@3.3.2
141 silly idealTree emulatorNode
141 silly idealTree ├── canvas@1.3.12
141 silly idealTree ├── debug@0.7.4
141 silly idealTree ├─┬ gameboy@0.1.0
141 silly idealTree │ ├── canvas@1.1.3
141 silly idealTree │ ├── debug@0.7.4
141 silly idealTree │ ├─┬ emitter@1.0.1
141 silly idealTree │ │ └── indexof@0.0.1
141 silly idealTree │ └── nan@0.4.4
141 silly idealTree ├── iojs@1.0.0
141 silly idealTree ├─┬ msgpack@1.0.2
141 silly idealTree │ └── nan@2.2.0
141 silly idealTree ├── nan@2.2.0
141 silly idealTree ├── redis@0.10.1
141 silly idealTree └─┬ socket.io-emitter@1.0.0
141 silly idealTree   ├─┬ debug@2.2.0
141 silly idealTree   │ └── ms@0.7.1
141 silly idealTree   ├─┬ has-binary@0.1.7
141 silly idealTree   │ └── isarray@0.0.1
141 silly idealTree   ├─┬ msgpack-js@0.3.0
141 silly idealTree   │ └─┬ bops@0.0.7
141 silly idealTree   │   ├── base64-js@0.0.2
141 silly idealTree   │   └── to-utf8@0.0.1
141 silly idealTree   ├─┬ redis@2.4.2
141 silly idealTree   │ ├── double-ended-queue@2.1.0-0
141 silly idealTree   │ └── redis-commands@1.1.0
141 silly idealTree   └─┬ socket.io-parser@2.2.6
141 silly idealTree     ├── benchmark@1.0.0
141 silly idealTree     ├── component-emitter@1.1.2
141 silly idealTree     ├── isarray@0.0.1
141 silly idealTree     └── json3@3.3.2
142 silly generateActionsToTake Starting
143 silly install generateActionsToTake
144 silly generateActionsToTake Finishing
145 silly diffTrees action count 3
146 silly diffTrees add nan@0.4.4
147 silly diffTrees add canvas@1.1.3
148 silly diffTrees update iojs@1.0.0
149 silly decomposeActions action count 24
150 silly decomposeActions fetch nan@0.4.4
151 silly decomposeActions extract nan@0.4.4
152 silly decomposeActions test nan@0.4.4
153 silly decomposeActions preinstall nan@0.4.4
154 silly decomposeActions build nan@0.4.4
155 silly decomposeActions install nan@0.4.4
156 silly decomposeActions postinstall nan@0.4.4
157 silly decomposeActions finalize nan@0.4.4
158 silly decomposeActions fetch canvas@1.1.3
159 silly decomposeActions extract canvas@1.1.3
160 silly decomposeActions test canvas@1.1.3
161 silly decomposeActions preinstall canvas@1.1.3
162 silly decomposeActions build canvas@1.1.3
163 silly decomposeActions install canvas@1.1.3
164 silly decomposeActions postinstall canvas@1.1.3
165 silly decomposeActions finalize canvas@1.1.3
166 silly decomposeActions fetch iojs@1.0.0
167 silly decomposeActions extract iojs@1.0.0
168 silly decomposeActions test iojs@1.0.0
169 silly decomposeActions preinstall iojs@1.0.0
170 silly decomposeActions build iojs@1.0.0
171 silly decomposeActions install iojs@1.0.0
172 silly decomposeActions postinstall iojs@1.0.0
173 silly decomposeActions finalize iojs@1.0.0
174 silly executeActions Starting
175 silly install executeActions
176 silly doSerial global-install 0
177 silly doParallel fetch 3
178 verbose correctMkdir /home/kyle/.npm/_locks correctMkdir not in flight; initializing
179 verbose lock using /home/kyle/.npm/_locks/staging-d58fac0dde081c21.lock for /home/kyle/Documents/Software-Engineering/hackreactor/OSnes/webApp/emulatorNode/node_modules/.staging
180 silly doParallel extract 3
181 silly extract nan@0.4.4
182 silly extract canvas@1.1.3
183 silly extract iojs@1.0.0
184 verbose unbuild node_modules/.staging/nan-64a21f93
185 verbose unbuild node_modules/.staging/canvas-75723853
186 verbose unbuild node_modules/.staging/iojs-726775b2
187 silly gentlyRm /home/kyle/Documents/Software-Engineering/hackreactor/OSnes/webApp/emulatorNode/node_modules/.staging/nan-64a21f93 is being purged from base /home/kyle/Documents/Software-Engineering/hackreactor/OSnes/webApp/emulatorNode
188 verbose gentlyRm don't care about contents; nuking /home/kyle/Documents/Software-Engineering/hackreactor/OSnes/webApp/emulatorNode/node_modules/.staging/nan-64a21f93
189 silly gentlyRm /home/kyle/Documents/Software-Engineering/hackreactor/OSnes/webApp/emulatorNode/node_modules/.staging/canvas-75723853 is being purged from base /home/kyle/Documents/Software-Engineering/hackreactor/OSnes/webApp/emulatorNode
190 verbose gentlyRm don't care about contents; nuking /home/kyle/Documents/Software-Engineering/hackreactor/OSnes/webApp/emulatorNode/node_modules/.staging/canvas-75723853
191 silly gentlyRm /home/kyle/Documents/Software-Engineering/hackreactor/OSnes/webApp/emulatorNode/node_modules/.staging/iojs-726775b2 is being purged from base /home/kyle/Documents/Software-Engineering/hackreactor/OSnes/webApp/emulatorNode
192 verbose gentlyRm don't care about contents; nuking /home/kyle/Documents/Software-Engineering/hackreactor/OSnes/webApp/emulatorNode/node_modules/.staging/iojs-726775b2
193 verbose tar unpack /home/kyle/.npm/nan/0.4.4/package.tgz
194 verbose tar unpacking to /home/kyle/Documents/Software-Engineering/hackreactor/OSnes/webApp/emulatorNode/node_modules/.staging/nan-64a21f93
195 silly gentlyRm /home/kyle/Documents/Software-Engineering/hackreactor/OSnes/webApp/emulatorNode/node_modules/.staging/nan-64a21f93 is being purged
196 verbose gentlyRm don't care about contents; nuking /home/kyle/Documents/Software-Engineering/hackreactor/OSnes/webApp/emulatorNode/node_modules/.staging/nan-64a21f93
197 verbose tar unpack /home/kyle/.npm/canvas/1.1.3/package.tgz
198 verbose tar unpacking to /home/kyle/Documents/Software-Engineering/hackreactor/OSnes/webApp/emulatorNode/node_modules/.staging/canvas-75723853
199 silly gentlyRm /home/kyle/Documents/Software-Engineering/hackreactor/OSnes/webApp/emulatorNode/node_modules/.staging/canvas-75723853 is being purged
200 verbose gentlyRm don't care about contents; nuking /home/kyle/Documents/Software-Engineering/hackreactor/OSnes/webApp/emulatorNode/node_modules/.staging/canvas-75723853
201 verbose tar unpack /home/kyle/.npm/iojs/1.0.0/package.tgz
202 verbose tar unpacking to /home/kyle/Documents/Software-Engineering/hackreactor/OSnes/webApp/emulatorNode/node_modules/.staging/iojs-726775b2
203 silly gentlyRm /home/kyle/Documents/Software-Engineering/hackreactor/OSnes/webApp/emulatorNode/node_modules/.staging/iojs-726775b2 is being purged
204 verbose gentlyRm don't care about contents; nuking /home/kyle/Documents/Software-Engineering/hackreactor/OSnes/webApp/emulatorNode/node_modules/.staging/iojs-726775b2
205 silly gunzTarPerm modes [ '775', '664' ]
206 silly gunzTarPerm modes [ '775', '664' ]
207 silly gunzTarPerm modes [ '775', '664' ]
208 silly gunzTarPerm extractEntry package.json
209 silly gunzTarPerm modified mode [ 'package.json', 420, 436 ]
210 silly gunzTarPerm extractEntry package.json
211 silly gunzTarPerm modified mode [ 'package.json', 420, 436 ]
212 silly gunzTarPerm extractEntry package.json
213 silly gunzTarPerm modified mode [ 'package.json', 420, 436 ]
214 silly gunzTarPerm extractEntry README.md
215 silly gunzTarPerm modified mode [ 'README.md', 420, 436 ]
216 silly gunzTarPerm extractEntry LICENSE
217 silly gunzTarPerm modified mode [ 'LICENSE', 420, 436 ]
218 silly gunzTarPerm extractEntry .index.js
219 silly gunzTarPerm modified mode [ '.index.js', 420, 436 ]
220 silly gunzTarPerm extractEntry nan.h
221 silly gunzTarPerm modified mode [ 'nan.h', 420, 436 ]
222 silly gunzTarPerm extractEntry .npmignore
223 silly gunzTarPerm modified mode [ '.npmignore', 420, 436 ]
224 silly gunzTarPerm extractEntry index.js
225 silly gunzTarPerm modified mode [ 'index.js', 420, 436 ]
226 silly gunzTarPerm extractEntry iojs.js
227 silly gunzTarPerm modified mode [ 'iojs.js', 420, 436 ]
228 silly gunzTarPerm extractEntry binding.gyp
229 silly gunzTarPerm modified mode [ 'binding.gyp', 420, 436 ]
230 silly gunzTarPerm extractEntry Makefile
231 silly gunzTarPerm modified mode [ 'Makefile', 420, 436 ]
232 silly gunzTarPerm extractEntry Readme.md
233 silly gunzTarPerm modified mode [ 'Readme.md', 420, 436 ]
234 silly gunzTarPerm extractEntry .gitmodules
235 silly gunzTarPerm modified mode [ '.gitmodules', 420, 436 ]
236 silly gunzTarPerm extractEntry .travis.yml
237 silly gunzTarPerm modified mode [ '.travis.yml', 420, 436 ]
238 silly gunzTarPerm extractEntry install
239 silly gunzTarPerm modified mode [ 'install', 493, 509 ]
240 silly gunzTarPerm extractEntry lib/bindings.js
241 silly gunzTarPerm modified mode [ 'lib/bindings.js', 420, 436 ]
242 silly gunzTarPerm extractEntry lib/canvas.js
243 silly gunzTarPerm modified mode [ 'lib/canvas.js', 420, 436 ]
244 silly gunzTarPerm extractEntry lib/context2d.js
245 silly gunzTarPerm modified mode [ 'lib/context2d.js', 420, 436 ]
246 silly gunzTarPerm extractEntry lib/image.js
247 silly gunzTarPerm modified mode [ 'lib/image.js', 420, 436 ]
248 silly gunzTarPerm extractEntry lib/jpegstream.js
249 silly gunzTarPerm modified mode [ 'lib/jpegstream.js', 420, 436 ]
250 silly gunzTarPerm extractEntry lib/pixelarray.js
251 silly gunzTarPerm modified mode [ 'lib/pixelarray.js', 420, 436 ]
252 silly gunzTarPerm extractEntry lib/pngstream.js
253 silly gunzTarPerm modified mode [ 'lib/pngstream.js', 420, 436 ]
254 silly gunzTarPerm extractEntry History.md
255 silly gunzTarPerm modified mode [ 'History.md', 420, 436 ]
256 silly gunzTarPerm extractEntry src/Image.h
257 silly gunzTarPerm modified mode [ 'src/Image.h', 420, 436 ]
258 silly gunzTarPerm extractEntry src/Canvas.cc
259 silly gunzTarPerm modified mode [ 'src/Canvas.cc', 420, 436 ]
260 silly gunzTarPerm extractEntry src/CanvasGradient.cc
261 silly gunzTarPerm modified mode [ 'src/CanvasGradient.cc', 420, 436 ]
262 silly gunzTarPerm extractEntry src/CanvasGradient.h
263 silly gunzTarPerm modified mode [ 'src/CanvasGradient.h', 420, 436 ]
264 silly gunzTarPerm extractEntry src/CanvasPattern.cc
265 silly gunzTarPerm modified mode [ 'src/CanvasPattern.cc', 420, 436 ]
266 silly gunzTarPerm extractEntry src/CanvasPattern.h
267 silly gunzTarPerm modified mode [ 'src/CanvasPattern.h', 420, 436 ]
268 silly gunzTarPerm extractEntry src/CanvasRenderingContext2d.cc
269 silly gunzTarPerm modified mode [ 'src/CanvasRenderingContext2d.cc', 420, 436 ]
270 silly gunzTarPerm extractEntry src/CanvasRenderingContext2d.h
271 silly gunzTarPerm modified mode [ 'src/CanvasRenderingContext2d.h', 420, 436 ]
272 silly gunzTarPerm extractEntry src/FontFace.cc
273 silly gunzTarPerm modified mode [ 'src/FontFace.cc', 420, 436 ]
274 silly gunzTarPerm extractEntry src/FontFace.h
275 silly gunzTarPerm modified mode [ 'src/FontFace.h', 420, 436 ]
276 silly gunzTarPerm extractEntry src/Image.cc
277 silly gunzTarPerm modified mode [ 'src/Image.cc', 420, 436 ]
278 silly gunzTarPerm extractEntry src/Canvas.h
279 silly gunzTarPerm modified mode [ 'src/Canvas.h', 420, 436 ]
280 silly gunzTarPerm extractEntry src/ImageData.cc
281 silly gunzTarPerm modified mode [ 'src/ImageData.cc', 420, 436 ]
282 silly gunzTarPerm extractEntry src/ImageData.h
283 silly gunzTarPerm modified mode [ 'src/ImageData.h', 420, 436 ]
284 silly gunzTarPerm extractEntry src/JPEGStream.h
285 silly gunzTarPerm modified mode [ 'src/JPEGStream.h', 420, 436 ]
286 silly gunzTarPerm extractEntry src/PNG.h
287 silly gunzTarPerm modified mode [ 'src/PNG.h', 420, 436 ]
288 silly gunzTarPerm extractEntry src/PixelArray.cc
289 silly gunzTarPerm modified mode [ 'src/PixelArray.cc', 420, 436 ]
290 silly gunzTarPerm extractEntry src/PixelArray.h
291 silly gunzTarPerm modified mode [ 'src/PixelArray.h', 420, 436 ]
292 silly gunzTarPerm extractEntry src/Point.h
293 silly gunzTarPerm modified mode [ 'src/Point.h', 420, 436 ]
294 silly gunzTarPerm extractEntry src/closure.h
295 silly gunzTarPerm modified mode [ 'src/closure.h', 420, 436 ]
296 silly gunzTarPerm extractEntry src/color.cc
297 silly gunzTarPerm modified mode [ 'src/color.cc', 420, 436 ]
298 silly gunzTarPerm extractEntry src/color.h
299 silly gunzTarPerm modified mode [ 'src/color.h', 420, 436 ]
300 silly gunzTarPerm extractEntry src/init.cc
301 silly gunzTarPerm modified mode [ 'src/init.cc', 493, 509 ]
302 silly gunzTarPerm extractEntry util/cairo_include.sh
303 silly gunzTarPerm modified mode [ 'util/cairo_include.sh', 493, 509 ]
304 silly gunzTarPerm extractEntry util/has_cairo_freetype.sh
305 silly gunzTarPerm modified mode [ 'util/has_cairo_freetype.sh', 493, 509 ]
306 silly gunzTarPerm extractEntry util/has_lib.sh
307 silly gunzTarPerm modified mode [ 'util/has_lib.sh', 493, 509 ]
308 silly gunzTarPerm extractEntry util/lib_lookup.sh
309 silly gunzTarPerm modified mode [ 'util/lib_lookup.sh', 493, 509 ]
310 silly gentlyRm /home/kyle/Documents/Software-Engineering/hackreactor/OSnes/webApp/emulatorNode/node_modules/.staging/iojs-726775b2/node_modules is being purged
311 verbose gentlyRm don't care about contents; nuking /home/kyle/Documents/Software-Engineering/hackreactor/OSnes/webApp/emulatorNode/node_modules/.staging/iojs-726775b2/node_modules
312 silly gentlyRm /home/kyle/Documents/Software-Engineering/hackreactor/OSnes/webApp/emulatorNode/node_modules/.staging/nan-64a21f93/node_modules is being purged
313 verbose gentlyRm don't care about contents; nuking /home/kyle/Documents/Software-Engineering/hackreactor/OSnes/webApp/emulatorNode/node_modules/.staging/nan-64a21f93/node_modules
314 silly gentlyRm /home/kyle/Documents/Software-Engineering/hackreactor/OSnes/webApp/emulatorNode/node_modules/.staging/canvas-75723853/node_modules is being purged
315 verbose gentlyRm don't care about contents; nuking /home/kyle/Documents/Software-Engineering/hackreactor/OSnes/webApp/emulatorNode/node_modules/.staging/canvas-75723853/node_modules
316 silly doParallel preinstall 3
317 silly preinstall nan@0.4.4 /home/kyle/Documents/Software-Engineering/hackreactor/OSnes/webApp/emulatorNode/node_modules/.staging/nan-64a21f93
318 info lifecycle nan@0.4.4~preinstall: nan@0.4.4
319 silly preinstall canvas@1.1.3 /home/kyle/Documents/Software-Engineering/hackreactor/OSnes/webApp/emulatorNode/node_modules/.staging/canvas-75723853
320 info lifecycle canvas@1.1.3~preinstall: canvas@1.1.3
321 silly preinstall iojs@1.0.0 /home/kyle/Documents/Software-Engineering/hackreactor/OSnes/webApp/emulatorNode/node_modules/.staging/iojs-726775b2
322 info lifecycle iojs@1.0.0~preinstall: iojs@1.0.0
323 silly lifecycle nan@0.4.4~preinstall: no script for preinstall, continuing
324 silly lifecycle canvas@1.1.3~preinstall: no script for preinstall, continuing
325 silly lifecycle iojs@1.0.0~preinstall: no script for preinstall, continuing
326 silly doReverseSerial remove 0
327 silly doSerial move 0
328 silly doSerial finalize 3
329 silly finalize /home/kyle/Documents/Software-Engineering/hackreactor/OSnes/webApp/emulatorNode/node_modules/gameboy/node_modules/nan
330 silly finalize /home/kyle/Documents/Software-Engineering/hackreactor/OSnes/webApp/emulatorNode/node_modules/gameboy/node_modules/canvas
331 silly finalize /home/kyle/Documents/Software-Engineering/hackreactor/OSnes/webApp/emulatorNode/node_modules/iojs
332 silly doSerial build 3
333 silly build nan@0.4.4
334 info linkStuff nan@0.4.4
335 silly linkStuff nan@0.4.4 has /home/kyle/Documents/Software-Engineering/hackreactor/OSnes/webApp/emulatorNode/node_modules/gameboy/node_modules as its parent node_modules
336 verbose linkBins nan@0.4.4
337 verbose linkMans nan@0.4.4
338 silly build canvas@1.1.3
339 info linkStuff canvas@1.1.3
340 silly linkStuff canvas@1.1.3 has /home/kyle/Documents/Software-Engineering/hackreactor/OSnes/webApp/emulatorNode/node_modules/gameboy/node_modules as its parent node_modules
341 verbose linkBins canvas@1.1.3
342 verbose linkMans canvas@1.1.3
343 silly build iojs@1.0.0
344 info linkStuff iojs@1.0.0
345 silly linkStuff iojs@1.0.0 has /home/kyle/Documents/Software-Engineering/hackreactor/OSnes/webApp/emulatorNode/node_modules as its parent node_modules
346 verbose linkBins iojs@1.0.0
347 verbose linkMans iojs@1.0.0
348 silly doSerial global-link 0
349 silly doParallel update-linked 0
350 silly doSerial install 3
351 silly install nan@0.4.4 /home/kyle/Documents/Software-Engineering/hackreactor/OSnes/webApp/emulatorNode/node_modules/.staging/nan-64a21f93
352 info lifecycle nan@0.4.4~install: nan@0.4.4
353 silly lifecycle nan@0.4.4~install: no script for install, continuing
354 silly install canvas@1.1.3 /home/kyle/Documents/Software-Engineering/hackreactor/OSnes/webApp/emulatorNode/node_modules/.staging/canvas-75723853
355 info lifecycle canvas@1.1.3~install: canvas@1.1.3
356 verbose lifecycle canvas@1.1.3~install: unsafe-perm in lifecycle true
357 verbose lifecycle canvas@1.1.3~install: PATH: /usr/lib/node_modules/npm/bin/node-gyp-bin:/home/kyle/Documents/Software-Engineering/hackreactor/OSnes/webApp/emulatorNode/node_modules/gameboy/node_modules/canvas/node_modules/.bin:/home/kyle/Documents/Software-Engineering/hackreactor/OSnes/webApp/emulatorNode/node_modules/gameboy/node_modules/.bin:/home/kyle/Documents/Software-Engineering/hackreactor/OSnes/webApp/emulatorNode/node_modules/.bin:/usr/local/sbin:/usr/local/bin:/usr/sbin:/usr/bin:/sbin:/bin:/usr/games:/usr/local/games:/usr/local/go/:/usr/local/java/bin:/usr/local/go/bin
358 verbose lifecycle canvas@1.1.3~install: CWD: /home/kyle/Documents/Software-Engineering/hackreactor/OSnes/webApp/emulatorNode/node_modules/gameboy/node_modules/canvas
359 silly lifecycle canvas@1.1.3~install: Args: [ '-c', 'node-gyp rebuild' ]
360 silly lifecycle canvas@1.1.3~install: Returned: code: 1  signal: null
361 info lifecycle canvas@1.1.3~install: Failed to exec install script
362 verbose unlock done using /home/kyle/.npm/_locks/staging-d58fac0dde081c21.lock for /home/kyle/Documents/Software-Engineering/hackreactor/OSnes/webApp/emulatorNode/node_modules/.staging
363 silly rollbackFailedOptional Starting
364 silly rollbackFailedOptional Finishing
365 silly runTopLevelLifecycles Starting
366 silly runTopLevelLifecycles Finishing
367 silly install printInstalled
368 warn emulatorNode No repository field.
369 warn emulatorNode No license field.
370 verbose stack Error: canvas@1.1.3 install: `node-gyp rebuild`
370 verbose stack Exit status 1
370 verbose stack     at EventEmitter.<anonymous> (/usr/lib/node_modules/npm/lib/utils/lifecycle.js:232:16)
370 verbose stack     at emitTwo (events.js:100:13)
370 verbose stack     at EventEmitter.emit (events.js:185:7)
370 verbose stack     at ChildProcess.<anonymous> (/usr/lib/node_modules/npm/lib/utils/spawn.js:24:14)
370 verbose stack     at emitTwo (events.js:100:13)
370 verbose stack     at ChildProcess.emit (events.js:185:7)
370 verbose stack     at maybeClose (internal/child_process.js:827:16)
370 verbose stack     at Process.ChildProcess._handle.onexit (internal/child_process.js:211:5)
371 verbose pkgid canvas@1.1.3
372 verbose cwd /home/kyle/Documents/Software-Engineering/hackreactor/OSnes/webApp/emulatorNode
373 error Linux 4.2.0-34-generic
374 error argv "/usr/bin/node" "/usr/bin/npm" "install" "canvas"
375 error node v5.7.0
376 error npm  v3.6.0
377 error code ELIFECYCLE
378 error canvas@1.1.3 install: `node-gyp rebuild`
378 error Exit status 1
379 error Failed at the canvas@1.1.3 install script 'node-gyp rebuild'.
379 error Make sure you have the latest version of node.js and npm installed.
379 error If you do, this is most likely a problem with the canvas package,
379 error not with npm itself.
379 error Tell the author that this fails on your system:
379 error     node-gyp rebuild
379 error You can get information on how to open an issue for this project with:
379 error     npm bugs canvas
379 error Or if that isn't available, you can get their info via:
379 error     npm owner ls canvas
379 error There is likely additional logging output above.
380 verbose exit [ 1, true ]
